<?xml version="1.0" encoding="UTF-8"?>
<!-- Generated by org.testng.reporters.JUnitXMLReporter -->
<testsuite ignored="0" hostname="PC-Aadish" failures="1" tests="3" name="Sprint1" time="0.069" errors="0" timestamp="2023-11-20T11:58:06 IST">
  <testcase classname="FailedTetscase.Testcase1" name="testfb" time="0.012"/>
  <testcase classname="FailedTetscase.Testcase2" name="testtwitter" time="0.002"/>
  <testcase classname="FailedTetscase.Testcase3" name="insta" time="0.004">
    <failure type="java.lang.AssertionError" message="expected [true] but found [false]">
      <![CDATA[java.lang.AssertionError: expected [true] but found [false]
at FailedTetscase.Testcase3.insta(Testcase3.java:12)
at java.base/java.util.ArrayList.forEach(ArrayList.java:1511)
... Removed 31 stack frames]]>
    </failure>
  </testcase> <!-- insta -->
</testsuite> <!-- Sprint1 -->
