<?xml version="1.0" encoding="UTF-8"?>
<testng-results ignored="0" total="1" passed="1" failed="0" skipped="0">
  <reporter-output>
  </reporter-output>
  <suite started-at="2023-11-28T18:03:38 IST" name="Default suite" finished-at="2023-11-28T18:03:39 IST" duration-ms="1168">
    <groups>
    </groups>
    <test started-at="2023-11-28T18:03:38 IST" name="Default test" finished-at="2023-11-28T18:03:39 IST" duration-ms="1168">
      <class name="MyPackage.ReadExcelData">
        <test-method signature="readData()[pri:0, instance:MyPackage.ReadExcelData@4d465b11]" started-at="2023-11-28T18:03:38 IST" name="readData" finished-at="2023-11-28T18:03:39 IST" duration-ms="1117" status="PASS">
          <reporter-output>
          </reporter-output>
        </test-method> <!-- readData -->
      </class> <!-- MyPackage.ReadExcelData -->
    </test> <!-- Default test -->
  </suite> <!-- Default suite -->
</testng-results>
